[2025-02-16 21:23:57] local.ERROR: Call to undefined method App\Http\Controllers\FormController::showForm() {"exception":"[object] (Error(code: 0): Call to undefined method App\\Http\\Controllers\\FormController::showForm() at C:\\Users\\moham\\Desktop\\9raya\\m7kama\\laravel STAGE\\ma7kama\\vendor\\laravel\\framework\\src\\Illuminate\\Routing\\ControllerDispatcher.php:47)
[stacktrace]
#0 C:\\Users\\moham\\Desktop\\9raya\\m7kama\\laravel STAGE\\ma7kama\\vendor\\laravel\\framework\\src\\Illuminate\\Routing\\Route.php(266): Illuminate\\Routing\\ControllerDispatcher->dispatch()
#1 C:\\Users\\moham\\Desktop\\9raya\\m7kama\\laravel STAGE\\ma7kama\\vendor\\laravel\\framework\\src\\Illuminate\\Routing\\Route.php(212): Illuminate\\Routing\\Route->runController()
#2 C:\\Users\\moham\\Desktop\\9raya\\m7kama\\laravel STAGE\\ma7kama\\vendor\\laravel\\framework\\src\\Illuminate\\Routing\\Router.php(808): Illuminate\\Routing\\Route->run()
#3 C:\\Users\\moham\\Desktop\\9raya\\m7kama\\laravel STAGE\\ma7kama\\vendor\\laravel\\framework\\src\\Illuminate\\Pipeline\\Pipeline.php(170): Illuminate\\Routing\\Router->{closure:Illuminate\\Routing\\Router::runRouteWithinStack():807}()
#4 C:\\Users\\moham\\Desktop\\9raya\\m7kama\\laravel STAGE\\ma7kama\\vendor\\laravel\\framework\\src\\Illuminate\\Routing\\Middleware\\SubstituteBindings.php(51): Illuminate\\Pipeline\\Pipeline->{closure:Illuminate\\Pipeline\\Pipeline::prepareDestination():168}()
#5 C:\\Users\\moham\\Desktop\\9raya\\m7kama\\laravel STAGE\\ma7kama\\vendor\\laravel\\framework\\src\\Illuminate\\Pipeline\\Pipeline.php(209): Illuminate\\Routing\\Middleware\\SubstituteBindings->handle()
#6 C:\\Users\\moham\\Desktop\\9raya\\m7kama\\laravel STAGE\\ma7kama\\vendor\\laravel\\framework\\src\\Illuminate\\Foundation\\Http\\Middleware\\VerifyCsrfToken.php(88): Illuminate\\Pipeline\\Pipeline->{closure:{closure:Illuminate\\Pipeline\\Pipeline::carry():184}:185}()
#7 C:\\Users\\moham\\Desktop\\9raya\\m7kama\\laravel STAGE\\ma7kama\\vendor\\laravel\\framework\\src\\Illuminate\\Pipeline\\Pipeline.php(209): Illuminate\\Foundation\\Http\\Middleware\\VerifyCsrfToken->handle()
#8 C:\\Users\\moham\\Desktop\\9raya\\m7kama\\laravel STAGE\\ma7kama\\vendor\\laravel\\framework\\src\\Illuminate\\View\\Middleware\\ShareErrorsFromSession.php(49): Illuminate\\Pipeline\\Pipeline->{closure:{closure:Illuminate\\Pipeline\\Pipeline::carry():184}:185}()
#9 C:\\Users\\moham\\Desktop\\9raya\\m7kama\\laravel STAGE\\ma7kama\\vendor\\laravel\\framework\\src\\Illuminate\\Pipeline\\Pipeline.php(209): Illuminate\\View\\Middleware\\ShareErrorsFromSession->handle()
#10 C:\\Users\\moham\\Desktop\\9raya\\m7kama\\laravel STAGE\\ma7kama\\vendor\\laravel\\framework\\src\\Illuminate\\Session\\Middleware\\StartSession.php(121): Illuminate\\Pipeline\\Pipeline->{closure:{closure:Illuminate\\Pipeline\\Pipeline::carry():184}:185}()
#11 C:\\Users\\moham\\Desktop\\9raya\\m7kama\\laravel STAGE\\ma7kama\\vendor\\laravel\\framework\\src\\Illuminate\\Session\\Middleware\\StartSession.php(64): Illuminate\\Session\\Middleware\\StartSession->handleStatefulRequest()
#12 C:\\Users\\moham\\Desktop\\9raya\\m7kama\\laravel STAGE\\ma7kama\\vendor\\laravel\\framework\\src\\Illuminate\\Pipeline\\Pipeline.php(209): Illuminate\\Session\\Middleware\\StartSession->handle()
#13 C:\\Users\\moham\\Desktop\\9raya\\m7kama\\laravel STAGE\\ma7kama\\vendor\\laravel\\framework\\src\\Illuminate\\Cookie\\Middleware\\AddQueuedCookiesToResponse.php(37): Illuminate\\Pipeline\\Pipeline->{closure:{closure:Illuminate\\Pipeline\\Pipeline::carry():184}:185}()
#14 C:\\Users\\moham\\Desktop\\9raya\\m7kama\\laravel STAGE\\ma7kama\\vendor\\laravel\\framework\\src\\Illuminate\\Pipeline\\Pipeline.php(209): Illuminate\\Cookie\\Middleware\\AddQueuedCookiesToResponse->handle()
#15 C:\\Users\\moham\\Desktop\\9raya\\m7kama\\laravel STAGE\\ma7kama\\vendor\\laravel\\framework\\src\\Illuminate\\Cookie\\Middleware\\EncryptCookies.php(75): Illuminate\\Pipeline\\Pipeline->{closure:{closure:Illuminate\\Pipeline\\Pipeline::carry():184}:185}()
#16 C:\\Users\\moham\\Desktop\\9raya\\m7kama\\laravel STAGE\\ma7kama\\vendor\\laravel\\framework\\src\\Illuminate\\Pipeline\\Pipeline.php(209): Illuminate\\Cookie\\Middleware\\EncryptCookies->handle()
#17 C:\\Users\\moham\\Desktop\\9raya\\m7kama\\laravel STAGE\\ma7kama\\vendor\\laravel\\framework\\src\\Illuminate\\Pipeline\\Pipeline.php(127): Illuminate\\Pipeline\\Pipeline->{closure:{closure:Illuminate\\Pipeline\\Pipeline::carry():184}:185}()
#18 C:\\Users\\moham\\Desktop\\9raya\\m7kama\\laravel STAGE\\ma7kama\\vendor\\laravel\\framework\\src\\Illuminate\\Routing\\Router.php(807): Illuminate\\Pipeline\\Pipeline->then()
#19 C:\\Users\\moham\\Desktop\\9raya\\m7kama\\laravel STAGE\\ma7kama\\vendor\\laravel\\framework\\src\\Illuminate\\Routing\\Router.php(786): Illuminate\\Routing\\Router->runRouteWithinStack()
#20 C:\\Users\\moham\\Desktop\\9raya\\m7kama\\laravel STAGE\\ma7kama\\vendor\\laravel\\framework\\src\\Illuminate\\Routing\\Router.php(750): Illuminate\\Routing\\Router->runRoute()
#21 C:\\Users\\moham\\Desktop\\9raya\\m7kama\\laravel STAGE\\ma7kama\\vendor\\laravel\\framework\\src\\Illuminate\\Routing\\Router.php(739): Illuminate\\Routing\\Router->dispatchToRoute()
#22 C:\\Users\\moham\\Desktop\\9raya\\m7kama\\laravel STAGE\\ma7kama\\vendor\\laravel\\framework\\src\\Illuminate\\Foundation\\Http\\Kernel.php(201): Illuminate\\Routing\\Router->dispatch()
#23 C:\\Users\\moham\\Desktop\\9raya\\m7kama\\laravel STAGE\\ma7kama\\vendor\\laravel\\framework\\src\\Illuminate\\Pipeline\\Pipeline.php(170): Illuminate\\Foundation\\Http\\Kernel->{closure:Illuminate\\Foundation\\Http\\Kernel::dispatchToRouter():198}()
#24 C:\\Users\\moham\\Desktop\\9raya\\m7kama\\laravel STAGE\\ma7kama\\vendor\\laravel\\framework\\src\\Illuminate\\Foundation\\Http\\Middleware\\TransformsRequest.php(21): Illuminate\\Pipeline\\Pipeline->{closure:Illuminate\\Pipeline\\Pipeline::prepareDestination():168}()
#25 C:\\Users\\moham\\Desktop\\9raya\\m7kama\\laravel STAGE\\ma7kama\\vendor\\laravel\\framework\\src\\Illuminate\\Foundation\\Http\\Middleware\\ConvertEmptyStringsToNull.php(31): Illuminate\\Foundation\\Http\\Middleware\\TransformsRequest->handle()
#26 C:\\Users\\moham\\Desktop\\9raya\\m7kama\\laravel STAGE\\ma7kama\\vendor\\laravel\\framework\\src\\Illuminate\\Pipeline\\Pipeline.php(209): Illuminate\\Foundation\\Http\\Middleware\\ConvertEmptyStringsToNull->handle()
#27 C:\\Users\\moham\\Desktop\\9raya\\m7kama\\laravel STAGE\\ma7kama\\vendor\\laravel\\framework\\src\\Illuminate\\Foundation\\Http\\Middleware\\TransformsRequest.php(21): Illuminate\\Pipeline\\Pipeline->{closure:{closure:Illuminate\\Pipeline\\Pipeline::carry():184}:185}()
#28 C:\\Users\\moham\\Desktop\\9raya\\m7kama\\laravel STAGE\\ma7kama\\vendor\\laravel\\framework\\src\\Illuminate\\Foundation\\Http\\Middleware\\TrimStrings.php(51): Illuminate\\Foundation\\Http\\Middleware\\TransformsRequest->handle()
#29 C:\\Users\\moham\\Desktop\\9raya\\m7kama\\laravel STAGE\\ma7kama\\vendor\\laravel\\framework\\src\\Illuminate\\Pipeline\\Pipeline.php(209): Illuminate\\Foundation\\Http\\Middleware\\TrimStrings->handle()
#30 C:\\Users\\moham\\Desktop\\9raya\\m7kama\\laravel STAGE\\ma7kama\\vendor\\laravel\\framework\\src\\Illuminate\\Http\\Middleware\\ValidatePostSize.php(27): Illuminate\\Pipeline\\Pipeline->{closure:{closure:Illuminate\\Pipeline\\Pipeline::carry():184}:185}()
#31 C:\\Users\\moham\\Desktop\\9raya\\m7kama\\laravel STAGE\\ma7kama\\vendor\\laravel\\framework\\src\\Illuminate\\Pipeline\\Pipeline.php(209): Illuminate\\Http\\Middleware\\ValidatePostSize->handle()
#32 C:\\Users\\moham\\Desktop\\9raya\\m7kama\\laravel STAGE\\ma7kama\\vendor\\laravel\\framework\\src\\Illuminate\\Foundation\\Http\\Middleware\\PreventRequestsDuringMaintenance.php(110): Illuminate\\Pipeline\\Pipeline->{closure:{closure:Illuminate\\Pipeline\\Pipeline::carry():184}:185}()
#33 C:\\Users\\moham\\Desktop\\9raya\\m7kama\\laravel STAGE\\ma7kama\\vendor\\laravel\\framework\\src\\Illuminate\\Pipeline\\Pipeline.php(209): Illuminate\\Foundation\\Http\\Middleware\\PreventRequestsDuringMaintenance->handle()
#34 C:\\Users\\moham\\Desktop\\9raya\\m7kama\\laravel STAGE\\ma7kama\\vendor\\laravel\\framework\\src\\Illuminate\\Http\\Middleware\\HandleCors.php(49): Illuminate\\Pipeline\\Pipeline->{closure:{closure:Illuminate\\Pipeline\\Pipeline::carry():184}:185}()
#35 C:\\Users\\moham\\Desktop\\9raya\\m7kama\\laravel STAGE\\ma7kama\\vendor\\laravel\\framework\\src\\Illuminate\\Pipeline\\Pipeline.php(209): Illuminate\\Http\\Middleware\\HandleCors->handle()
#36 C:\\Users\\moham\\Desktop\\9raya\\m7kama\\laravel STAGE\\ma7kama\\vendor\\laravel\\framework\\src\\Illuminate\\Http\\Middleware\\TrustProxies.php(58): Illuminate\\Pipeline\\Pipeline->{closure:{closure:Illuminate\\Pipeline\\Pipeline::carry():184}:185}()
#37 C:\\Users\\moham\\Desktop\\9raya\\m7kama\\laravel STAGE\\ma7kama\\vendor\\laravel\\framework\\src\\Illuminate\\Pipeline\\Pipeline.php(209): Illuminate\\Http\\Middleware\\TrustProxies->handle()
#38 C:\\Users\\moham\\Desktop\\9raya\\m7kama\\laravel STAGE\\ma7kama\\vendor\\laravel\\framework\\src\\Illuminate\\Foundation\\Http\\Middleware\\InvokeDeferredCallbacks.php(22): Illuminate\\Pipeline\\Pipeline->{closure:{closure:Illuminate\\Pipeline\\Pipeline::carry():184}:185}()
#39 C:\\Users\\moham\\Desktop\\9raya\\m7kama\\laravel STAGE\\ma7kama\\vendor\\laravel\\framework\\src\\Illuminate\\Pipeline\\Pipeline.php(209): Illuminate\\Foundation\\Http\\Middleware\\InvokeDeferredCallbacks->handle()
#40 C:\\Users\\moham\\Desktop\\9raya\\m7kama\\laravel STAGE\\ma7kama\\vendor\\laravel\\framework\\src\\Illuminate\\Pipeline\\Pipeline.php(127): Illuminate\\Pipeline\\Pipeline->{closure:{closure:Illuminate\\Pipeline\\Pipeline::carry():184}:185}()
#41 C:\\Users\\moham\\Desktop\\9raya\\m7kama\\laravel STAGE\\ma7kama\\vendor\\laravel\\framework\\src\\Illuminate\\Foundation\\Http\\Kernel.php(176): Illuminate\\Pipeline\\Pipeline->then()
#42 C:\\Users\\moham\\Desktop\\9raya\\m7kama\\laravel STAGE\\ma7kama\\vendor\\laravel\\framework\\src\\Illuminate\\Foundation\\Http\\Kernel.php(145): Illuminate\\Foundation\\Http\\Kernel->sendRequestThroughRouter()
#43 C:\\Users\\moham\\Desktop\\9raya\\m7kama\\laravel STAGE\\ma7kama\\vendor\\laravel\\framework\\src\\Illuminate\\Foundation\\Application.php(1220): Illuminate\\Foundation\\Http\\Kernel->handle()
#44 C:\\Users\\moham\\Desktop\\9raya\\m7kama\\laravel STAGE\\ma7kama\\public\\index.php(17): Illuminate\\Foundation\\Application->handleRequest()
#45 C:\\Users\\moham\\Desktop\\9raya\\m7kama\\laravel STAGE\\ma7kama\\vendor\\laravel\\framework\\src\\Illuminate\\Foundation\\resources\\server.php(23): require_once('...')
#46 {main}
"} 
[2025-02-16 22:02:40] local.INFO: Replacing placeholders in document: {"_token":"Ma13BsUJxgT6RNCMQtzOdtRpUpL2GCT94Y0QSwrY","file_number":"54","request_number":"45","recipient_name1":"said","recipient_address1":"sasa","delivery_date":"2025-02-28","decision_number":"74575","decision_date":"2025-02-26","document_type":"filing_notification"} 
[2025-02-16 22:02:40] local.INFO: Placeholders replaced successfully.  
[2025-02-16 22:03:35] local.INFO: Replacing placeholders in document: {"_token":"Ma13BsUJxgT6RNCMQtzOdtRpUpL2GCT94Y0QSwrY","file_number":"654","request_number":"45648","recipient_name1":"ahemd","recipient_address1":"dlqs","delivery_date":"0005-05-24","decision_number":"454463","decision_date":"0054-04-06","document_type":"notification_report_copy1"} 
[2025-02-16 22:03:35] local.INFO: Placeholders replaced successfully.  
[2025-02-16 22:03:53] local.INFO: Replacing placeholders in document: {"_token":"Ma13BsUJxgT6RNCMQtzOdtRpUpL2GCT94Y0QSwrY","file_number":"654","request_number":"45648","recipient_name1":"ahemd","recipient_address1":"dlqs","delivery_date":"0005-05-24","decision_number":"454463","decision_date":"0054-04-06","document_type":"notification_report_copy1"} 
[2025-02-16 22:03:53] local.INFO: Placeholders replaced successfully.  
[2025-02-16 22:03:58] local.INFO: Replacing placeholders in document: {"_token":"Ma13BsUJxgT6RNCMQtzOdtRpUpL2GCT94Y0QSwrY","file_number":"654","request_number":"45648","recipient_name1":"ahemd","recipient_address1":"dlqs","delivery_date":"0005-05-24","decision_number":"454463","decision_date":"0054-04-06","document_type":"filing_notification"} 
[2025-02-16 22:03:58] local.INFO: Placeholders replaced successfully.  
[2025-02-16 22:04:02] local.INFO: Replacing placeholders in document: {"_token":"Ma13BsUJxgT6RNCMQtzOdtRpUpL2GCT94Y0QSwrY","file_number":"654","request_number":"45648","recipient_name1":"ahemd","recipient_address1":"dlqs","delivery_date":"0005-05-24","decision_number":"454463","decision_date":"0054-04-06","document_type":"delivery_certificate"} 
[2025-02-16 22:04:02] local.INFO: Placeholders replaced successfully.  
[2025-02-17 13:31:24] local.INFO: Replacing placeholders in document: {"_token":"PNh5Y1soR3qrRxGOL1WBzEvDvHw3Oz8knmRNZUuz","file_number":"54","request_number":"6546","recipient_name1":"sd","recipient_address1":"dsa","delivery_date":"0026-06-05","decision_number":"524","decision_date":"0006-06-05","document_type":"notification_report_copy1"} 
[2025-02-17 13:31:24] local.INFO: Placeholders replaced successfully.  
[2025-02-17 13:32:40] local.INFO: Replacing placeholders in document: {"_token":"PNh5Y1soR3qrRxGOL1WBzEvDvHw3Oz8knmRNZUuz","file_number":"54","request_number":"6546","recipient_name1":"sd","recipient_address1":"dsa","delivery_date":"0026-06-05","decision_number":"524","decision_date":"0006-06-05","document_type":"filing_notification"} 
[2025-02-17 13:32:40] local.INFO: Placeholders replaced successfully.  
[2025-02-17 13:33:07] local.INFO: Replacing placeholders in document: {"_token":"PNh5Y1soR3qrRxGOL1WBzEvDvHw3Oz8knmRNZUuz","file_number":"54","request_number":"6546","recipient_name1":"sd","recipient_address1":"dsa","delivery_date":"0026-06-05","decision_number":"524","decision_date":"0006-06-05","document_type":"delivery_certificate"} 
[2025-02-17 13:33:07] local.INFO: Placeholders replaced successfully.  
[2025-02-17 13:37:17] local.INFO: Replacing placeholders in document: {"_token":"PNh5Y1soR3qrRxGOL1WBzEvDvHw3Oz8knmRNZUuz","file_number":"52","request_number":"51452","recipient_name1":"sdq","recipient_address1":"sdq","delivery_date":"0001-02-05","decision_number":"123","decision_date":"0002-02-12","document_type":"delivery_certificate"} 
[2025-02-17 13:37:17] local.INFO: Placeholders replaced successfully.  
[2025-02-17 13:38:26] local.INFO: Replacing placeholders in document: {"_token":"PNh5Y1soR3qrRxGOL1WBzEvDvHw3Oz8knmRNZUuz","file_number":"52","request_number":"51452","recipient_name1":"sdq","recipient_address1":"sdq","delivery_date":"0001-02-05","decision_number":"123","decision_date":"0002-02-12","document_type":"filing_notification"} 
[2025-02-17 13:38:26] local.INFO: Placeholders replaced successfully.  
[2025-02-17 13:38:40] local.INFO: Replacing placeholders in document: {"_token":"PNh5Y1soR3qrRxGOL1WBzEvDvHw3Oz8knmRNZUuz","file_number":"52","request_number":"51452","recipient_name1":"sdq","recipient_address1":"sdq","delivery_date":"0001-02-05","decision_number":"123","decision_date":"0002-02-12","document_type":"notification_report_copy1"} 
[2025-02-17 13:38:40] local.INFO: Placeholders replaced successfully.  
[2025-02-17 13:44:26] local.INFO: Replacing placeholders in document: {"_token":"PNh5Y1soR3qrRxGOL1WBzEvDvHw3Oz8knmRNZUuz","file_number":"4115","request_number":"14552","recipient_name1":"ghgf","recipient_address1":"hfghf","delivery_date":"0045-05-04","decision_number":"4545","decision_date":"0004-04-04","document_type":"notification_report_copy1"} 
[2025-02-17 13:44:26] local.INFO: Placeholders replaced successfully.  
